Rasa process starting
Added 'nlp_spacy' to component cache. Key 'nlp_spacy-en'.
Rasa Core server is up and running on http://localhost:5005
Failed to run custom action 'action_joke'. Couldn't connect to the server at 'http://localhost:5055/webhook'. Is the server running? Error: HTTPConnectionPool(host='localhost', port=5055): Max retries exceeded with url: /webhook (Caused by NewConnectionError('<urllib3.connection.HTTPConnection object at 0x7f46fac28630>: Failed to establish a new connection: [Errno 111] Connection refused',))
Encountered an exception while running action 'action_joke'. Bot will continue, but the actions events are lost. Make sure to fix the exception in your custom code.
Rasa process starting
Added 'nlp_spacy' to component cache. Key 'nlp_spacy-en'.
Rasa Core server is up and running on http://localhost:5005
Failed to run custom action 'action_joke'. Couldn't connect to the server at 'http://localhost:5055/webhook'. Is the server running? Error: HTTPConnectionPool(host='localhost', port=5055): Max retries exceeded with url: /webhook (Caused by NewConnectionError('<urllib3.connection.HTTPConnection object at 0x7ff780346e10>: Failed to establish a new connection: [Errno 111] Connection refused',))
Encountered an exception while running action 'action_joke'. Bot will continue, but the actions events are lost. Make sure to fix the exception in your custom code.
Rasa process starting
Added 'nlp_spacy' to component cache. Key 'nlp_spacy-pt'.
Rasa Core server is up and running on http://localhost:5005
Rasa process starting
Added 'nlp_spacy' to component cache. Key 'nlp_spacy-pt'.
Rasa Core server is up and running on http://localhost:5005
Rasa process starting
Added 'nlp_spacy' to component cache. Key 'nlp_spacy-pt'.
Rasa Core server is up and running on http://localhost:5005
Rasa process starting
Added 'nlp_spacy' to component cache. Key 'nlp_spacy-pt'.
Rasa Core server is up and running on http://localhost:5005
Rasa process starting
Added 'nlp_spacy' to component cache. Key 'nlp_spacy-pt'.
Rasa Core server is up and running on http://localhost:5005
Rasa process starting
Added 'nlp_spacy' to component cache. Key 'nlp_spacy-pt'.
Rasa Core server is up and running on http://localhost:5005
Rasa process starting
Added 'nlp_spacy' to component cache. Key 'nlp_spacy-pt'.
Rasa Core server is up and running on http://localhost:5005
Rasa process starting
Added 'nlp_spacy' to component cache. Key 'nlp_spacy-pt'.
Rasa Core server is up and running on http://localhost:5005
Rasa process starting
Added 'nlp_spacy' to component cache. Key 'nlp_spacy-pt'.
Rasa Core server is up and running on http://localhost:5005
Failed to run custom action 'action_yes_or_no'. Couldn't connect to the server at 'http://localhost:5055/webhook'. Is the server running? Error: HTTPConnectionPool(host='localhost', port=5055): Max retries exceeded with url: /webhook (Caused by NewConnectionError('<urllib3.connection.HTTPConnection object at 0x7f5000433630>: Failed to establish a new connection: [Errno 111] Connection refused',))
Encountered an exception while running action 'action_yes_or_no'. Bot will continue, but the actions events are lost. Make sure to fix the exception in your custom code.
Failed to run custom action 'action_yes_or_no'. Action server responded with a non 200 status code of 500. Make sure your action server properly runs actions and returns a 200 once the action is executed. Error: 500 Server Error: INTERNAL SERVER ERROR for url: http://localhost:5055/webhook
Encountered an exception while running action 'action_yes_or_no'. Bot will continue, but the actions events are lost. Make sure to fix the exception in your custom code.
Failed to run custom action 'action_yes_or_no'. Action server responded with a non 200 status code of 500. Make sure your action server properly runs actions and returns a 200 once the action is executed. Error: 500 Server Error: INTERNAL SERVER ERROR for url: http://localhost:5055/webhook
Encountered an exception while running action 'action_yes_or_no'. Bot will continue, but the actions events are lost. Make sure to fix the exception in your custom code.
Rasa process starting
Added 'nlp_spacy' to component cache. Key 'nlp_spacy-pt'.
Rasa Core server is up and running on http://localhost:5005
Rasa process starting
Added 'nlp_spacy' to component cache. Key 'nlp_spacy-pt'.
Rasa Core server is up and running on http://localhost:5005
Rasa process starting
Added 'nlp_spacy' to component cache. Key 'nlp_spacy-pt'.
Rasa Core server is up and running on http://localhost:5005
Rasa process starting
Added 'nlp_spacy' to component cache. Key 'nlp_spacy-pt'.
Rasa Core server is up and running on http://localhost:5005
Rasa process starting
Added 'nlp_spacy' to component cache. Key 'nlp_spacy-pt'.
Rasa Core server is up and running on http://localhost:5005
Rasa process starting
Restoring parameters from models/current/nlu/intent_classifier_tensorflow_embedding.ckpt
Rasa Core server is up and running on http://localhost:5005
Feature 'intent_inform' could not be found in feature map.
Feature 'intent_inform' could not be found in feature map.
Feature 'intent_inform' could not be found in feature map.
Feature 'intent_inform' could not be found in feature map.
Feature 'intent_inform' could not be found in feature map.
Feature 'intent_inform' could not be found in feature map.
Feature 'intent_inform' could not be found in feature map.
Feature 'intent_inform' could not be found in feature map.
Feature 'intent_inform' could not be found in feature map.
Feature 'intent_inform' could not be found in feature map.
Feature 'intent_inform' could not be found in feature map.
Feature 'intent_inform' could not be found in feature map.
Feature 'intent_inform' could not be found in feature map.
Feature 'intent_inform' could not be found in feature map.
Feature 'intent_inform' could not be found in feature map.
Feature 'intent_inform' could not be found in feature map.
Feature 'intent_inform' could not be found in feature map.
Feature 'intent_inform' could not be found in feature map.
Feature 'intent_inform' could not be found in feature map.
Feature 'intent_inform' could not be found in feature map.
Feature 'intent_inform' could not be found in feature map.
Feature 'intent_inform' could not be found in feature map.
Feature 'intent_inform' could not be found in feature map.
Feature 'intent_inform' could not be found in feature map.
Feature 'intent_inform' could not be found in feature map.
Feature 'intent_inform' could not be found in feature map.
Feature 'intent_inform' could not be found in feature map.
Feature 'intent_inform' could not be found in feature map.
Feature 'intent_inform' could not be found in feature map.
Feature 'intent_inform' could not be found in feature map.
Feature 'intent_inform' could not be found in feature map.
Feature 'intent_inform' could not be found in feature map.
Feature 'intent_inform' could not be found in feature map.
Feature 'intent_inform' could not be found in feature map.
Feature 'intent_inform' could not be found in feature map.
Feature 'intent_inform' could not be found in feature map.
Feature 'intent_inform' could not be found in feature map.
Feature 'intent_inform' could not be found in feature map.
Feature 'intent_inform' could not be found in feature map.
Feature 'intent_inform' could not be found in feature map.
Feature 'intent_inform' could not be found in feature map.
Feature 'intent_inform' could not be found in feature map.
Feature 'intent_inform' could not be found in feature map.
Feature 'intent_inform' could not be found in feature map.
Feature 'intent_inform' could not be found in feature map.
Feature 'intent_inform' could not be found in feature map.
Feature 'intent_inform' could not be found in feature map.
Feature 'intent_inform' could not be found in feature map.
Feature 'intent_inform' could not be found in feature map.
Feature 'intent_inform' could not be found in feature map.
Feature 'intent_inform' could not be found in feature map.
Feature 'intent_inform' could not be found in feature map.
Feature 'intent_inform' could not be found in feature map.
Feature 'intent_inform' could not be found in feature map.
Feature 'intent_inform' could not be found in feature map.
Feature 'intent_inform' could not be found in feature map.
Feature 'intent_inform' could not be found in feature map.
Feature 'intent_inform' could not be found in feature map.
Feature 'intent_inform' could not be found in feature map.
Feature 'intent_inform' could not be found in feature map.
Feature 'intent_inform' could not be found in feature map.
Feature 'intent_inform' could not be found in feature map.
Feature 'intent_inform' could not be found in feature map.
Feature 'intent_inform' could not be found in feature map.
Feature 'intent_inform' could not be found in feature map.
Feature 'intent_inform' could not be found in feature map.
Feature 'intent_inform' could not be found in feature map.
Feature 'intent_inform' could not be found in feature map.
Feature 'intent_inform' could not be found in feature map.
Feature 'intent_inform' could not be found in feature map.
Feature 'intent_inform' could not be found in feature map.
Feature 'intent_inform' could not be found in feature map.
Rasa process starting
Restoring parameters from models/current/nlu/intent_classifier_tensorflow_embedding.ckpt
Rasa Core server is up and running on http://localhost:5005
Feature 'intent_is_satisfied' could not be found in feature map.
Feature 'intent_is_satisfied' could not be found in feature map.
Feature 'intent_is_satisfied' could not be found in feature map.
Feature 'intent_is_satisfied' could not be found in feature map.
Feature 'intent_is_satisfied' could not be found in feature map.
Feature 'intent_is_satisfied' could not be found in feature map.
Feature 'intent_is_satisfied' could not be found in feature map.
Feature 'intent_is_satisfied' could not be found in feature map.
Feature 'intent_is_satisfied' could not be found in feature map.
Feature 'intent_is_satisfied' could not be found in feature map.
Feature 'intent_is_satisfied' could not be found in feature map.
Feature 'intent_is_satisfied' could not be found in feature map.
Feature 'intent_is_satisfied' could not be found in feature map.
Feature 'intent_is_satisfied' could not be found in feature map.
Feature 'intent_is_satisfied' could not be found in feature map.
Feature 'intent_is_satisfied' could not be found in feature map.
Rasa process starting
Restoring parameters from models/current/nlu/intent_classifier_tensorflow_embedding.ckpt
Rasa Core server is up and running on http://localhost:5005
Feature 'intent_is_satisfied' could not be found in feature map.
Feature 'intent_is_satisfied' could not be found in feature map.
Feature 'intent_is_satisfied' could not be found in feature map.
Rasa process starting
Restoring parameters from models/current/nlu/intent_classifier_tensorflow_embedding.ckpt
Rasa Core server is up and running on http://localhost:5005
Rasa process starting
Restoring parameters from models/current/nlu/intent_classifier_tensorflow_embedding.ckpt
Rasa Core server is up and running on http://localhost:5005
